   1              		.file	"main.c"
   9              	.Ltext0:
  10              		.global	all_leds
  11              		.data
  12              		.align	2
  15              	all_leds:
  16 0000 00000040 		.word	1073741824
  17 0004 04000000 		.word	4
  18 0008 00000010 		.word	268435456
  19 000c 00000200 		.word	131072
  20 0010 00000400 		.word	262144
  21              		.text
  22              		.align	2
  23              		.global	delay5ms
  25              	delay5ms:
  26              	.LFB2:
  27              		.file 1 "main.c"
   1:main.c        **** //********************************************************************
   2:main.c        **** // ARM_T1A1										Version 02.04.2012 hpw
   3:main.c        **** //********************************************************************
   4:main.c        **** #include	"include/AT91SAM7S64.h"			// Definition von ARM7 typischen Registern etc.
   5:main.c        **** 
   6:main.c        **** #define LED1 AT91C_PIO_PA30
   7:main.c        **** #define LED2 AT91C_PIO_PA2
   8:main.c        **** #define LED3 AT91C_PIO_PA28
   9:main.c        **** #define LED4 AT91C_PIO_PA17
  10:main.c        **** #define LED5 AT91C_PIO_PA18
  11:main.c        **** 
  12:main.c        **** #define TYPICAL
  13:main.c        **** 
  14:main.c        **** #define ARRAY_LENGTH(X) (sizeof(X)/sizeof(X[0]))
  15:main.c        **** typedef unsigned int uint_t;
  16:main.c        **** 
  17:main.c        **** uint_t all_leds[] = {
  18:main.c        **** 	LED1, LED2, LED3, LED4, LED5
  19:main.c        **** };
  20:main.c        **** 
  21:main.c        **** 
  22:main.c        **** //**************************************************************
  23:main.c        **** // delay5ms(uiK) verzögert um ca. uiK * 5ms
  24:main.c        **** //**************************************************************
  25:main.c        **** void delay5ms(unsigned int uiK){
  28              	retend = 0, frame = 8
  29              		@ frame_needed = 1, uses_anonymous_args = 0
  30              		mov	ip, sp
  31 0000 0DC0A0E1 	.LCFI0:
  32              		stmfd	sp!, {fp, ip, lr, pc}
  33 0004 00D82DE9 	.LCFI1:
  34              		sub	fp, ip, #4
  35 0008 04B04CE2 	.LCFI2:
  36              		sub	sp, sp, #8
  37 000c 08D04DE2 	.LCFI3:
  38              		str	r0, [fp, #-20]
  39 0010 14000BE5 		b	.L2
  40 0014 0A0000EA 	.L5:
  41              		.loc 1 29 0
  26:main.c        **** ms(uiK) verzögert um ca. uiK * 5ms
  27:main.c        **** //**************************************************************
  28:main.c        **** void delay5ms(unsigned int uiK){
  29:main.c        **** 	volatile unsigned int uiI;
  42              	tr	r3, [fp, #-16]
  43 0018 0030A0E3 		b	.L3
  44 001c 10300BE5 	.L4:
  45 0020 020000EA 		ldr	r3, [fp, #-16]
  46              		add	r3, r3, #1
  47 0024 10301BE5 		str	r3, [fp, #-16]
  48 0028 013083E2 	.L3:
  49 002c 10300BE5 		ldr	r2, [fp, #-16]
  50              		mov	r3, #8128
  51 0030 10201BE5 		add	r3, r3, #63
  52 0034 7F3DA0E3 		cmp	r2, r3
  53 0038 3F3083E2 		bls	.L4
  54 003c 030052E1 	.L2:
  55 0040 F7FFFF9A 		.loc 1 28 0
  56              		ldr	r3, [fp, #-20]
  57              		cmp	r3, #0
  58 0044 14301BE5 		moveq	r3, #0
  59 0048 000053E3 		movne	r3, #1
  60 004c 0030A003 		and	r2, r3, #255
  61 0050 0130A013 		ldr	r3, [fp, #-20]
  62 0054 FF2003E2 		sub	r3, r3, #1
  63 0058 14301BE5 		str	r3, [fp, #-20]
  64 005c 013043E2 		cmp	r2, #0
  65 0060 14300BE5 		bne	.L5
  66 0064 000052E3 		.loc 1 31 0
  67 0068 EAFFFF1A 		sub	sp, fp, #12
  30:main.c        **** * 5ms
  31:main.c        **** //**************************************************************
  68              	FE2:
  70 0070 00A89DE8 		.align	2
  71              		.global	delay_ms
  73              	delay_ms:
  74              	.LFB3:
  75              		.loc 1 33 0
  76              		@ args = 0, pretend = 0, frame = 8
  77              		@ frame_needed = 1, uses_anonymous_args = 0
  32:main.c        **** ************************
  33:main.c        **** // delay5ms(uiK) verzögert um ca. uiK * 5ms
  78              	p
  79              	.LCFI4:
  80              		stmfd	sp!, {fp, ip, lr, pc}
  81 0074 0DC0A0E1 	.LCFI5:
  82              		sub	fp, ip, #4
  83 0078 00D82DE9 	.LCFI6:
  84              		sub	sp, sp, #8
  85 007c 04B04CE2 	.LCFI7:
  86              		str	r0, [fp, #-20]
  87 0080 08D04DE2 		b	.L8
  88              	.L11:
  89 0084 14000BE5 		.loc 1 37 0
  90 0088 0A0000EA 		mov	r3, #0
  91              		str	r3, [fp, #-16]
  34:main.c        **** D2, LED3, LED4, LED5
  35:main.c        **** };
  36:main.c        **** 
  37:main.c        **** 
  92              	ldr	r3, [fp, #-16]
  93 008c 0030A0E3 		add	r3, r3, #1
  94 0090 10300BE5 		str	r3, [fp, #-16]
  95 0094 020000EA 	.L9:
  96              		ldr	r2, [fp, #-16]
  97 0098 10301BE5 		mov	r3, #1632
  98 009c 013083E2 		add	r3, r3, #5
  99 00a0 10300BE5 		cmp	r2, r3
 100              		bls	.L10
 101 00a4 10201BE5 	.L8:
 102 00a8 663EA0E3 		.loc 1 36 0
 103 00ac 053083E2 		ldr	r3, [fp, #-20]
 104 00b0 030052E1 		cmp	r3, #0
 105 00b4 F7FFFF9A 		moveq	r3, #0
 106              		movne	r3, #1
 107              		and	r2, r3, #255
 108 00b8 14301BE5 		ldr	r3, [fp, #-20]
 109 00bc 000053E3 		sub	r3, r3, #1
 110 00c0 0030A003 		str	r3, [fp, #-20]
 111 00c4 0130A013 		cmp	r2, #0
 112 00c8 FF2003E2 		bne	.L11
 113 00cc 14301BE5 		.loc 1 38 0
 114 00d0 013043E2 		sub	sp, fp, #12
 115 00d4 14300BE5 		ldmfd	sp, {fp, sp, pc}
 116 00d8 000052E3 	.LFE3:
  38:main.c        **** 
 118              	led
 120 00e4 00A89DE8 	enable_led:
 121              	.LFB4:
 122              		.loc 1 40 0
 123              		@ args = 0, pretend = 0, frame = 4
 124              		@ frame_needed = 1, uses_anonymous_args = 0
 125              		mov	ip, sp
 126              	.LCFI8:
 127              		stmfd	sp!, {fp, ip, lr, pc}
  39:main.c        ****  AT91C_PIO_PA30
  40:main.c        **** #define LED2 AT91C_PIO_PA2
 128              	ub	fp, ip, #4
 129              	.LCFI10:
 130              		sub	sp, sp, #4
 131 00e8 0DC0A0E1 	.LCFI11:
 132              		str	r0, [fp, #-16]
 133 00ec 00D82DE9 		.loc 1 41 0
 134              		mov	r3, #-1610612736
 135 00f0 04B04CE2 		mov	r3, r3, asr #19
 136              		ldr	r2, [fp, #-16]
 137 00f4 04D04DE2 		str	r2, [r3, #16]
 138              		.loc 1 42 0
 139 00f8 10000BE5 		mov	r3, #-1610612736
  41:main.c        **** ***********
 140              	 asr #19
 141 00fc 0A32A0E3 		ldr	r2, [fp, #-16]
 142 0100 C339A0E1 		str	r2, [r3, #96]
 143 0104 10201BE5 		.loc 1 43 0
 144 0108 102083E5 		ldmfd	sp, {r3, fp, sp, pc}
  42:main.c        **** ***************************************
 145              	:
 147 0110 C339A0E1 		.align	2
 148 0114 10201BE5 		.global	led_on_pointer
  43:main.c        **** //********************************************************************
 150              	n_pointer:
 151 011c 08A89DE8 	.LFB5:
 152              		.loc 1 45 0
 153              		@ args = 0, pretend = 0, frame = 8
 154              		@ frame_needed = 1, uses_anonymous_args = 0
 155              		mov	ip, sp
 156              	.LCFI12:
 157              		stmfd	sp!, {fp, ip, lr, pc}
 158              	.LCFI13:
  44:main.c        **** //********************************************************************
  45:main.c        **** // ARM_T1A1										Version 02.04.2012 hpw
 159              	ip, #4
 160              	.LCFI14:
 161              		sub	sp, sp, #8
 162 0120 0DC0A0E1 	.LCFI15:
 163              		str	r0, [fp, #-20]
 164 0124 00D82DE9 		.loc 1 46 0
 165              		mov	r3, #0
 166 0128 04B04CE2 		sub	r3, r3, #3024
 167              		str	r3, [fp, #-16]
 168 012c 08D04DE2 		.loc 1 47 0
 169              		ldr	r2, [fp, #-16]
 170 0130 14000BE5 		ldr	r3, [fp, #-20]
  46:main.c        **** //********************************************************************
 171              	, #0]
 172 0134 0030A0E3 		.loc 1 48 0
 173 0138 BD3E43E2 		sub	sp, fp, #12
 174 013c 10300BE5 		ldmfd	sp, {fp, sp, pc}
  47:main.c        **** //********************************************************************
 175              	5:
 177 0144 14301BE5 		.align	2
 178 0148 003082E5 		.global	led_off_pointer
  48:main.c        **** //********************************************************************
 179              	pe	led_off_pointer, %function
 180 014c 0CD04BE2 	led_off_pointer:
 181 0150 00A89DE8 	.LFB6:
 182              		.loc 1 50 0
 183              		@ args = 0, pretend = 0, frame = 8
 184              		@ frame_needed = 1, uses_anonymous_args = 0
 185              		mov	ip, sp
 186              	.LCFI16:
 187              		stmfd	sp!, {fp, ip, lr, pc}
 188              	.LCFI17:
  49:main.c        **** //********************************************************************
  50:main.c        **** // ARM_T1A1										Version 02.04.2012 hpw
 189              	p, #4
 190              	.LCFI18:
 191              		sub	sp, sp, #8
 192 0154 0DC0A0E1 	.LCFI19:
 193              		str	r0, [fp, #-20]
 194 0158 00D82DE9 		.loc 1 51 0
 195              		mvn	r3, #3008
 196 015c 04B04CE2 		sub	r3, r3, #11
 197              		str	r3, [fp, #-16]
 198 0160 08D04DE2 		.loc 1 52 0
 199              		ldr	r2, [fp, #-16]
 200 0164 14000BE5 		ldr	r3, [fp, #-20]
  51:main.c        **** //********************************************************************
 201              	, #0]
 202 0168 2F3DE0E3 		.loc 1 53 0
 203 016c 0B3043E2 		sub	sp, fp, #12
 204 0170 10300BE5 		ldmfd	sp, {fp, sp, pc}
  52:main.c        **** //********************************************************************
 205              	6:
 207 0178 14301BE5 		.align	2
 208 017c 003082E5 		.global	led_on_direct
  53:main.c        **** //********************************************************************
 209              	pe	led_on_direct, %function
 210 0180 0CD04BE2 	led_on_direct:
 211 0184 00A89DE8 	.LFB7:
 212              		.loc 1 55 0
 213              		@ args = 0, pretend = 0, frame = 4
 214              		@ frame_needed = 1, uses_anonymous_args = 0
 215              		mov	ip, sp
 216              	.LCFI20:
 217              		stmfd	sp!, {fp, ip, lr, pc}
 218              	.LCFI21:
  54:main.c        **** //********************************************************************
  55:main.c        **** // ARM_T1A1										Version 02.04.2012 hpw
 219              	p, #4
 220              	.LCFI22:
 221              		sub	sp, sp, #4
 222 0188 0DC0A0E1 	.LCFI23:
 223              		str	r0, [fp, #-16]
 224 018c 00D82DE9 		.loc 1 56 0
 225              		mov	r3, #0
 226 0190 04B04CE2 		sub	r3, r3, #3024
 227              		ldr	r2, [fp, #-16]
 228 0194 04D04DE2 		str	r2, [r3, #0]
 229              		.loc 1 57 0
 230 0198 10000BE5 		ldmfd	sp, {r3, fp, sp, pc}
  56:main.c        **** //********************************************************************
 231              	e	led_on_direct, .-led_on_direct
 232 019c 0030A0E3 		.align	2
 233 01a0 BD3E43E2 		.global	led_off_direct
 235 01a8 002083E5 	led_off_direct:
  57:main.c        **** //********************************************************************
 236              	:
 237 01ac 08A89DE8 		.loc 1 59 0
 238              		@ args = 0, pretend = 0, frame = 4
 239              		@ frame_needed = 1, uses_anonymous_args = 0
 240              		mov	ip, sp
 241              	.LCFI24:
 242              		stmfd	sp!, {fp, ip, lr, pc}
 243              	.LCFI25:
 244              		sub	fp, ip, #4
  58:main.c        **** //********************************************************************
  59:main.c        **** // ARM_T1A1										Version 02.04.2012 hpw
 245              		sub	sp, sp, #4
 246              	.LCFI27:
 247              		str	r0, [fp, #-16]
 248 01b0 0DC0A0E1 		.loc 1 60 0
 249              		mvn	r3, #3008
 250 01b4 00D82DE9 		sub	r3, r3, #11
 251              		ldr	r2, [fp, #-16]
 252 01b8 04B04CE2 		str	r2, [r3, #0]
 253              		.loc 1 61 0
 254 01bc 04D04DE2 		ldmfd	sp, {r3, fp, sp, pc}
 255              	.LFE8:
  60:main.c        **** //********************************************************************
 257              	global	led_on_base
 259 01c8 0B3043E2 	led_on_base:
 260 01cc 10201BE5 	.LFB9:
 261 01d0 002083E5 		.loc 1 63 0
  61:main.c        **** //********************************************************************
 262              	gs = 0, pretend = 0, frame = 4
 263 01d4 08A89DE8 		@ frame_needed = 1, uses_anonymous_args = 0
 264              		mov	ip, sp
 265              	.LCFI28:
 266              		stmfd	sp!, {fp, ip, lr, pc}
 267              	.LCFI29:
 268              		sub	fp, ip, #4
 269              	.LCFI30:
 270              		sub	sp, sp, #4
  62:main.c        **** //********************************************************************
  63:main.c        **** // ARM_T1A1										Version 02.04.2012 hpw
 271              		str	r0, [fp, #-16]
 272              		.loc 1 64 0
 273              		mov	r3, #-1610612736
 274 01d8 0DC0A0E1 		mov	r3, r3, asr #19
 275              		ldr	r2, [fp, #-16]
 276 01dc 00D82DE9 		str	r2, [r3, #48]
 277              		.loc 1 65 0
 278 01e0 04B04CE2 		ldmfd	sp, {r3, fp, sp, pc}
 279              	.LFE9:
 281              		.align	2
 282 01e8 10000BE5 		.global	led_off_base
  64:main.c        **** //********************************************************************
 283              	ff_base, %function
 284 01ec 0A32A0E3 	led_off_base:
 285 01f0 C339A0E1 	.LFB10:
 286 01f4 10201BE5 		.loc 1 67 0
 287 01f8 302083E5 		@ args = 0, pretend = 0, frame = 4
  65:main.c        **** //********************************************************************
 288              	ame_needed = 1, uses_anonymous_args = 0
 289 01fc 08A89DE8 		mov	ip, sp
 290              	.LCFI32:
 291              		stmfd	sp!, {fp, ip, lr, pc}
 292              	.LCFI33:
 293              		sub	fp, ip, #4
 294              	.LCFI34:
 295              		sub	sp, sp, #4
 296              	.LCFI35:
  66:main.c        **** //********************************************************************
  67:main.c        **** // ARM_T1A1										Version 02.04.2012 hpw
 297              	[fp, #-16]
 298              		.loc 1 68 0
 299              		mov	r3, #-1610612736
 300 0200 0DC0A0E1 		mov	r3, r3, asr #19
 301              		ldr	r2, [fp, #-16]
 302 0204 00D82DE9 		str	r2, [r3, #52]
 303              		.loc 1 69 0
 304 0208 04B04CE2 		ldmfd	sp, {r3, fp, sp, pc}
 305              	.LFE10:
 307              		.align	2
 308 0210 10000BE5 		.global	led_on
  68:main.c        **** //********************************************************************
 309              	n, %function
 310 0214 0A32A0E3 	led_on:
 311 0218 C339A0E1 	.LFB11:
 312 021c 10201BE5 		.loc 1 71 0
 313 0220 342083E5 		@ args = 0, pretend = 0, frame = 4
  69:main.c        **** //********************************************************************
 314              	ame_needed = 1, uses_anonymous_args = 0
 315 0224 08A89DE8 		mov	ip, sp
 316              	.LCFI36:
 317              		stmfd	sp!, {fp, ip, lr, pc}
 318              	.LCFI37:
 319              		sub	fp, ip, #4
 320              	.LCFI38:
 321              		sub	sp, sp, #4
 322              	.LCFI39:
  70:main.c        **** //********************************************************************
  71:main.c        **** // ARM_T1A1										Version 02.04.2012 hpw
 323              	[fp, #-16]
 324              		.loc 1 73 0
 325              		ldr	r0, [fp, #-16]
 326 0228 0DC0A0E1 		bl	led_on_base
 327              		.loc 1 81 0
 328 022c 00D82DE9 		ldmfd	sp, {r3, fp, sp, pc}
 329              	.LFE11:
 331              		.align	2
 332 0234 04D04DE2 		.global	led_off
 334 0238 10000BE5 	led_off:
  72:main.c        **** //********************************************************************
  73:main.c        **** // ARM_T1A1										Version 02.04.2012 hpw
 335              	c 1 83 0
 336 023c 10001BE5 		@ args = 0, pretend = 0, frame = 4
 337 0240 FEFFFFEB 		@ frame_needed = 1, uses_anonymous_args = 0
  74:main.c        **** //********************************************************************
  75:main.c        **** // ARM_T1A1										Version 02.04.2012 hpw
  76:main.c        **** //********************************************************************
  77:main.c        **** #include	"include/AT91SAM7S64.h"			// Definition von ARM7 typischen Registern etc.
  78:main.c        **** 
  79:main.c        **** #define LED1 AT91C_PIO_PA30
  80:main.c        **** #define LED2 AT91C_PIO_PA2
  81:main.c        **** #define LED3 AT91C_PIO_PA28
 338              	v	ip, sp
 339 0244 08A89DE8 	.LCFI40:
 340              		stmfd	sp!, {fp, ip, lr, pc}
 341              	.LCFI41:
 342              		sub	fp, ip, #4
 343              	.LCFI42:
 344              		sub	sp, sp, #4
 345              	.LCFI43:
 346              		str	r0, [fp, #-16]
  82:main.c        **** /AT91SAM7S64.h"			// Definition von ARM7 typischen Registern etc.
  83:main.c        **** 
 347              	5 0
 348              		ldr	r0, [fp, #-16]
 349              		bl	led_off_base
 350 0248 0DC0A0E1 		.loc 1 93 0
 351              		ldmfd	sp, {r3, fp, sp, pc}
 352 024c 00D82DE9 	.LFE12:
 354 0250 04B04CE2 		.align	2
 355              		.global	blink_led
 357              	blink_led:
 358 0258 10000BE5 	.LFB13:
  84:main.c        **** ********************************************************************
  85:main.c        **** #include	"include/AT91SAM7S64.h"			// Definition von ARM7 typischen Registern etc.
 359              	
 360 025c 10001BE5 		@ args = 0, pretend = 0, frame = 8
 361 0260 FEFFFFEB 		@ frame_needed = 1, uses_anonymous_args = 0
  86:main.c        **** //********************************************************************
  87:main.c        **** #include	"include/AT91SAM7S64.h"			// Definition von ARM7 typischen Registern etc.
  88:main.c        **** 
  89:main.c        **** #define LED1 AT91C_PIO_PA30
  90:main.c        **** #define LED2 AT91C_PIO_PA2
  91:main.c        **** #define LED3 AT91C_PIO_PA28
  92:main.c        **** #define LED4 AT91C_PIO_PA17
  93:main.c        **** #define LED5 AT91C_PIO_PA18
 362              	ov	ip, sp
 363 0264 08A89DE8 	.LCFI44:
 364              		stmfd	sp!, {fp, ip, lr, pc}
 365              	.LCFI45:
 366              		sub	fp, ip, #4
 367              	.LCFI46:
 368              		sub	sp, sp, #8
 369              	.LCFI47:
 370              		str	r0, [fp, #-16]
  94:main.c        **** rn etc.
  95:main.c        **** 
 371              	[fp, #-20]
 372              		.loc 1 96 0
 373              		ldr	r0, [fp, #-16]
 374 0268 0DC0A0E1 		bl	led_on
 375              		.loc 1 97 0
 376 026c 00D82DE9 		ldr	r0, [fp, #-20]
 377              		bl	delay_ms
 378 0270 04B04CE2 		.loc 1 98 0
 379              		ldr	r0, [fp, #-16]
 380 0274 08D04DE2 		bl	led_off
 381              		.loc 1 99 0
 382 0278 10000BE5 		ldr	r0, [fp, #-20]
 383 027c 14100BE5 		bl	delay_ms
  96:main.c        **** ********************************************************************
 384              	
 385 0280 10001BE5 		sub	sp, fp, #12
 386 0284 FEFFFFEB 		ldmfd	sp, {fp, sp, pc}
  97:main.c        **** ***************************************
 387              	FE13:
 389 028c FEFFFFEB 		.align	2
  98:main.c        **** //********************************************************************
 390              	lobal	get_bitfield_for_leds
 392 0294 FEFFFFEB 	get_bitfield_for_leds:
  99:main.c        **** //********************************************************************
 393              	B14:
 394 0298 14001BE5 		.loc 1 102 0
 395 029c FEFFFFEB 		@ args = 0, pretend = 0, frame = 16
 100:main.c        **** //********************************************************************
 396              	frame_needed = 1, uses_anonymous_args = 0
 397 02a0 0CD04BE2 		mov	ip, sp
 398 02a4 00A89DE8 	.LCFI48:
 399              		stmfd	sp!, {fp, ip, lr, pc}
 400              	.LCFI49:
 401              		sub	fp, ip, #4
 402              	.LCFI50:
 403              		sub	sp, sp, #16
 404              	.LCFI51:
 405              		str	r0, [fp, #-24]
 101:main.c        **** //********************************************************************
 102:main.c        **** // ARM_T1A1										Version 02.04.2012 hpw
 406              	fp, #-28]
 407              		.loc 1 103 0
 408              		mov	r3, #0
 409 02a8 0DC0A0E1 		str	r3, [fp, #-20]
 410              	.LBB2:
 411 02ac 00D82DE9 		.loc 1 105 0
 412              		mov	r3, #0
 413 02b0 04B04CE2 		str	r3, [fp, #-16]
 414              		b	.L34
 415 02b4 10D04DE2 	.L35:
 416              		.loc 1 106 0
 417 02b8 18000BE5 		ldr	r3, [fp, #-16]
 418 02bc 1C100BE5 		mov	r2, r3, asl #2
 103:main.c        **** //********************************************************************
 419              	 #-24]
 420 02c0 0030A0E3 		add	r3, r3, r2
 421 02c4 14300BE5 		ldr	r2, [r3, #0]
 422              		ldr	r3, [fp, #-20]
 104:main.c        **** //********************************************************************
 105:main.c        **** // ARM_T1A1										Version 02.04.2012 hpw
 423              		r3, r3, r2
 424 02c8 0030A0E3 		str	r3, [fp, #-20]
 425 02cc 10300BE5 		.loc 1 105 0
 426 02d0 0A0000EA 		ldr	r3, [fp, #-16]
 427              		add	r3, r3, #1
 106:main.c        **** //********************************************************************
 428              	r3, [fp, #-16]
 429 02d4 10301BE5 	.L34:
 430 02d8 0321A0E1 		ldr	r2, [fp, #-16]
 431 02dc 18301BE5 		ldr	r3, [fp, #-28]
 432 02e0 023083E0 		cmp	r2, r3
 433 02e4 002093E5 		bcc	.L35
 434 02e8 14301BE5 	.LBE2:
 435 02ec 023083E1 		.loc 1 109 0
 436 02f0 14300BE5 		ldr	r3, [fp, #-20]
 437              		.loc 1 110 0
 438 02f4 10301BE5 		mov	r0, r3
 439 02f8 013083E2 		sub	sp, fp, #12
 440 02fc 10300BE5 		ldmfd	sp, {fp, sp, pc}
 441              	.LFE14:
 443 0304 1C301BE5 		.align	2
 444 0308 030052E1 		.global	blink_leds
 446              	blink_leds:
 107:main.c        **** //********************************************************************
 108:main.c        **** // ARM_T1A1										Version 02.04.2012 hpw
 109:main.c        **** //********************************************************************
 447              	 0
 448 0310 14301BE5 		@ args = 0, pretend = 0, frame = 12
 110:main.c        **** ***************************************
 449              	 frame_needed = 1, uses_anonymous_args = 0
 450 0314 0300A0E1 		mov	ip, sp
 451 0318 0CD04BE2 	.LCFI52:
 452 031c 00A89DE8 		stmfd	sp!, {fp, ip, lr, pc}
 453              	.LCFI53:
 454              		sub	fp, ip, #4
 455              	.LCFI54:
 456              		sub	sp, sp, #12
 457              	.LCFI55:
 458              		str	r0, [fp, #-16]
 459              		str	r1, [fp, #-20]
 111:main.c        **** //********************************************************************
 112:main.c        **** // ARM_T1A1										Version 02.04.2012 hpw
 460              	p, #-24]
 461              		.loc 1 113 0
 462              		ldr	r0, [fp, #-16]
 463 0320 0DC0A0E1 		ldr	r1, [fp, #-20]
 464              		bl	get_bitfield_for_leds
 465 0324 00D82DE9 		mov	r3, r0
 466              		mov	r0, r3
 467 0328 04B04CE2 		ldr	r1, [fp, #-24]
 468              		bl	blink_led
 469 032c 0CD04DE2 		.loc 1 114 0
 470              		sub	sp, fp, #12
 471 0330 10000BE5 		ldmfd	sp, {fp, sp, pc}
 472 0334 14100BE5 	.LFE15:
 113:main.c        **** //********************************************************************
 474              	ata
 475 033c 10001BE5 		.align	2
 478 0348 0030A0E1 	C.8.1773:
 479 034c 0300A0E1 		.word	4
 480 0350 18101BE5 		.word	131072
 481 0354 FEFFFFEB 		.align	2
 114:main.c        **** //********************************************************************
 482              	.7.1772, %object
 484 035c 00A89DE8 	C.7.1772:
 485              		.word	1073741824
 486              		.word	268435456
 487              		.word	262144
 488              		.text
 489              		.align	2
 490              		.global	main
 492 0000 04000000 	main:
 493 0004 00000200 	.LFB16:
 494              		.loc 1 120 0
 495              		@ args = 0, pretend = 0, frame = 28
 496              		@ frame_needed = 1, uses_anonymous_args = 0
 497              		mov	ip, sp
 498 0008 00000040 	.LCFI56:
 499 000c 00000010 		stmfd	sp!, {r4, fp, ip, lr, pc}
 500 0010 00000400 	.LCFI57:
 501              		sub	fp, ip, #4
 502              	.LCFI58:
 503              		sub	sp, sp, #28
 504              	.LCFI59:
 505              		.loc 1 121 0
 506              		mov	r3, #60
 115:main.c        **** //********************************************************************
 116:main.c        **** // ARM_T1A1										Version 02.04.2012 hpw
 117:main.c        **** //********************************************************************
 118:main.c        **** #include	"include/AT91SAM7S64.h"			// Definition von ARM7 typischen Registern etc.
 119:main.c        **** 
 120:main.c        **** #define LED1 AT91C_PIO_PA30
 507              	3:
 508              		.loc 1 123 0
 509              		mov	r3, #0
 510 0360 0DC0A0E1 		str	r3, [fp, #-20]
 511              		b	.L40
 512 0364 10D82DE9 	.L41:
 513              		.loc 1 124 0
 514 0368 04B04CE2 		ldr	r2, [fp, #-20]
 515              		ldr	r3, .L46
 516 036c 1CD04DE2 		ldr	r3, [r3, r2, asl #2]
 517              		mov	r0, r3
 121:main.c        **** ***************************************
 518              	led
 519 0370 3C30A0E3 		.loc 1 123 0
 520 0374 15304BE5 		ldr	r3, [fp, #-20]
 521              		add	r3, r3, #1
 122:main.c        **** ***************************************
 123:main.c        **** // ARM_T1A1										Version 02.04.2012 hpw
 522              		r3, [fp, #-20]
 523 0378 0030A0E3 	.L40:
 524 037c 14300BE5 		ldr	r3, [fp, #-20]
 525 0380 070000EA 		cmp	r3, #4
 526              		bls	.L41
 124:main.c        **** //********************************************************************
 527              	:
 528 0384 14201BE5 		.loc 1 137 0
 529 0388 14319FE5 		ldr	r3, .L46+4
 530 038c 023193E7 		sub	ip, fp, #36
 531 0390 0300A0E1 		ldmia	r3, {r0, r1, r2}
 532 0394 FEFFFFEB 		stmia	ip, {r0, r1, r2}
 533              		.loc 1 141 0
 534 0398 14301BE5 		ldr	r3, .L46+8
 535 039c 013083E2 		ldmia	r3, {r3-r4}
 536 03a0 14300BE5 		str	r3, [fp, #-44]
 537              		str	r4, [fp, #-40]
 538 03a4 14301BE5 		.loc 1 143 0
 539 03a8 040053E3 		mov	r4, #-1610612736
 540 03ac F4FFFF9A 		mov	r4, r4, asr #19
 541              		ldr	r0, .L46
 125:main.c        **** //********************************************************************
 126:main.c        **** // ARM_T1A1										Version 02.04.2012 hpw
 127:main.c        **** //********************************************************************
 128:main.c        **** #include	"include/AT91SAM7S64.h"			// Definition von ARM7 typischen Registern etc.
 129:main.c        **** 
 130:main.c        **** #define LED1 AT91C_PIO_PA30
 131:main.c        **** #define LED2 AT91C_PIO_PA2
 132:main.c        **** #define LED3 AT91C_PIO_PA28
 133:main.c        **** #define LED4 AT91C_PIO_PA17
 134:main.c        **** #define LED5 AT91C_PIO_PA18
 135:main.c        **** 
 136:main.c        **** #define TYPICAL
 137:main.c        **** 
 542              		get_bitfield_for_leds
 543 03b0 F0309FE5 		mov	r3, r0
 544 03b4 24C04BE2 		str	r3, [r4, #160]
 545 03b8 070093E8 		b	.L42
 546 03bc 07008CE8 	.L43:
 138:main.c        ****  AT91C_PIO_PA30
 139:main.c        **** #define LED2 AT91C_PIO_PA2
 140:main.c        **** #define LED3 AT91C_PIO_PA28
 141:main.c        **** #define LED4 AT91C_PIO_PA17
 547              	 1 146 0
 548 03c0 E4309FE5 		mov	r4, #-1610612736
 549 03c4 180093E8 		mov	r4, r4, asr #19
 550 03c8 2C300BE5 		sub	r3, fp, #36
 551 03cc 28400BE5 		mov	r0, r3
 142:main.c        **** on von ARM7 typischen Registern etc.
 143:main.c        **** 
 552              	r1, #3
 553 03d0 0A42A0E3 		bl	get_bitfield_for_leds
 554 03d4 C449A0E1 		mov	r3, r0
 555 03d8 C4009FE5 		str	r3, [r4, #56]
 556 03dc 0510A0E3 		.loc 1 147 0
 557 03e0 FEFFFFEB 		mov	r0, #500
 558 03e4 0030A0E1 		bl	delay_ms
 559 03e8 A03084E5 		.loc 1 148 0
 560 03ec 130000EA 		mov	r4, #-1610612736
 561              		mov	r4, r4, asr #19
 144:main.c        **** ********************************************************************
 145:main.c        **** #include	"include/AT91SAM7S64.h"			// Definition von ARM7 typischen Registern etc.
 146:main.c        **** 
 562              	p, #44
 563 03f0 0A42A0E3 		mov	r0, r3
 564 03f4 C449A0E1 		mov	r1, #2
 565 03f8 24304BE2 		bl	get_bitfield_for_leds
 566 03fc 0300A0E1 		mov	r3, r0
 567 0400 0310A0E3 		str	r3, [r4, #56]
 568 0404 FEFFFFEB 		.loc 1 149 0
 569 0408 0030A0E1 		mov	r0, #500
 570 040c 383084E5 		bl	delay_ms
 147:main.c        **** ********************************************************************
 571              	oc 1 145 0
 572 0410 7D0FA0E3 		ldrb	r3, [fp, #-21]	@ zero_extendqisi2
 573 0414 FEFFFFEB 		cmp	r3, #0
 148:main.c        **** ***************************************
 574              	veq	r3, #0
 575 0418 0A42A0E3 		movne	r3, #1
 576 041c C449A0E1 		and	r2, r3, #255
 577 0420 2C304BE2 		ldrb	r3, [fp, #-21]
 578 0424 0300A0E1 		sub	r3, r3, #1
 579 0428 0210A0E3 		strb	r3, [fp, #-21]
 580 042c FEFFFFEB 		cmp	r2, #0
 581 0430 0030A0E1 		bne	.L43
 582 0434 383084E5 		.loc 1 152 0
 149:main.c        **** //********************************************************************
 583              	#-1610612736
 584 0438 7D0FA0E3 		mov	r4, r4, asr #19
 585 043c FEFFFFEB 		ldr	r0, .L46
 586              		mov	r1, #5
 587              		bl	get_bitfield_for_leds
 588 0440 15305BE5 		mov	r3, r0
 589 0444 000053E3 		str	r3, [r4, #52]
 590 0448 0030A003 		.loc 1 153 0
 591 044c 0130A013 		mov	r4, #-1610612736
 592 0450 FF2003E2 		mov	r4, r4, asr #19
 593 0454 15305BE5 		ldr	r0, .L46
 594 0458 013043E2 		mov	r1, #5
 595 045c 15304BE5 		bl	get_bitfield_for_leds
 596 0460 000052E3 		mov	r3, r0
 597 0464 E1FFFF1A 		str	r3, [r4, #164]
 150:main.c        **** //********************************************************************
 151:main.c        **** // ARM_T1A1										Version 02.04.2012 hpw
 152:main.c        **** //********************************************************************
 598              	L47:
 599 0468 0A42A0E3 		.align	2
 600 046c C449A0E1 	.L46:
 601 0470 2C009FE5 		.word	all_leds
 602 0474 0510A0E3 		.word	C.7.1772
 603 0478 FEFFFFEB 		.word	C.8.1773
 604 047c 0030A0E1 	.LFE16:
 153:main.c        **** ***************************************
 606              	n	.debug_frame,"",%progbits
 607 0484 0A42A0E3 	.Lframe0:
 608 0488 C449A0E1 		.4byte	.LECIE0-.LSCIE0
 609 048c 10009FE5 	.LSCIE0:
 610 0490 0510A0E3 		.4byte	0xffffffff
 611 0494 FEFFFFEB 		.byte	0x1
 612 0498 0030A0E1 		.ascii	"\000"
 613 049c A43084E5 		.uleb128 0x1
 614              		.sleb128 -4
 615 04a0 FEFFFFEA 		.byte	0xe
 616              		.byte	0xc
 617              		.uleb128 0xd
 618              		.uleb128 0x0
 619 04a4 00000000 		.align	2
 620 04a8 08000000 	.LECIE0:
 621 04ac 00000000 	.LSFDE0:
 622              		.4byte	.LEFDE0-.LASFDE0
 623              	.LASFDE0:
 1017              		.4byte	0x0
DEFINED SYMBOLS
                            *ABS*:00000000 main.c
C:\Users\Aomx\AppData\Local\Temp/ccZsedSA.s:15     .data:00000000 all_leds
C:\Users\Aomx\AppData\Local\Temp/ccZsedSA.s:16     .data:00000000 $d
C:\Users\Aomx\AppData\Local\Temp/ccZsedSA.s:25     .text:00000000 delay5ms
C:\Users\Aomx\AppData\Local\Temp/ccZsedSA.s:31     .text:00000000 $a
C:\Users\Aomx\AppData\Local\Temp/ccZsedSA.s:76     .text:00000074 delay_ms
C:\Users\Aomx\AppData\Local\Temp/ccZsedSA.s:126    .text:000000e8 enable_led
C:\Users\Aomx\AppData\Local\Temp/ccZsedSA.s:157    .text:00000120 led_on_pointer
C:\Users\Aomx\AppData\Local\Temp/ccZsedSA.s:187    .text:00000154 led_off_pointer
C:\Users\Aomx\AppData\Local\Temp/ccZsedSA.s:217    .text:00000188 led_on_direct
C:\Users\Aomx\AppData\Local\Temp/ccZsedSA.s:243    .text:000001b0 led_off_direct
C:\Users\Aomx\AppData\Local\Temp/ccZsedSA.s:269    .text:000001d8 led_on_base
C:\Users\Aomx\AppData\Local\Temp/ccZsedSA.s:295    .text:00000200 led_off_base
C:\Users\Aomx\AppData\Local\Temp/ccZsedSA.s:321    .text:00000228 led_on
C:\Users\Aomx\AppData\Local\Temp/ccZsedSA.s:345    .text:00000248 led_off
C:\Users\Aomx\AppData\Local\Temp/ccZsedSA.s:369    .text:00000268 blink_led
C:\Users\Aomx\AppData\Local\Temp/ccZsedSA.s:404    .text:000002a8 get_bitfield_for_leds
C:\Users\Aomx\AppData\Local\Temp/ccZsedSA.s:458    .text:00000320 blink_leds
C:\Users\Aomx\AppData\Local\Temp/ccZsedSA.s:491    .rodata:00000000 C.8.1773
C:\Users\Aomx\AppData\Local\Temp/ccZsedSA.s:492    .rodata:00000000 $d
C:\Users\Aomx\AppData\Local\Temp/ccZsedSA.s:497    .rodata:00000008 C.7.1772
C:\Users\Aomx\AppData\Local\Temp/ccZsedSA.s:505    .text:00000360 main
C:\Users\Aomx\AppData\Local\Temp/ccZsedSA.s:619    .text:000004a4 $d

NO UNDEFINED SYMBOLS
