   1              		.file	"main.c"
   9              	.Ltext0:
  10              		.global	global_LR
  11              		.data
  12              		.align	2
  15              	global_LR:
  16 0000 01000000 		.word	1
  17              		.global	global_delay
  18              		.align	2
  21              	global_delay:
  22 0004 14000000 		.word	20
  23              		.bss
  24              	on.1691:
  25 0000 00       		.space	1
  26              		.text
  27              		.align	2
  28              		.global	pioa_isr
  30              	pioa_isr:
  31              	.LFB2:
  32              		.file 1 "main.c"
   1:main.c        **** //********************************************************************
   2:main.c        **** // ARM_T4A4										Version 02.04.2012 hpw
   3:main.c        **** //********************************************************************
   4:main.c        **** #include	"include/AT91SAM7S64.h"			// Definition von ARM7 typischen Registern etc.
   5:main.c        **** #include	"include/interrupt.h"			// IR-Routinen
   6:main.c        **** #include 	"include/cToolMod.h"
   7:main.c        **** 
   8:main.c        **** #define		PH2			AT91C_PIO_PA23		// Alle Ports die für den Motor verwendet werden
   9:main.c        **** #define		PH1			AT91C_PIO_PA13
  10:main.c        **** #define		I21			AT91C_PIO_PA20
  11:main.c        **** #define		I11			AT91C_PIO_PA14
  12:main.c        **** #define		I20			AT91C_PIO_PA16
  13:main.c        **** #define		I10			AT91C_PIO_PA15
  14:main.c        **** #define		MOTOR_MASK	(PH2|PH1|I21|I11|I20|I10)
  15:main.c        **** 
  16:main.c        **** #define		T1			AT91C_PIO_PA1		// Deklaration der Taste1
  17:main.c        **** #define		T2			AT91C_PIO_PA0		// Parallel Input Output Control Pin
  18:main.c        **** #define		T3			AT91C_PIO_PA31		// Parallel Input Output Control Pin
  19:main.c        **** 
  20:main.c        **** 
  21:main.c        **** int global_LR = 1;
  22:main.c        **** int global_delay = 20;
  23:main.c        **** 
  24:main.c        **** //**************************************************************
  25:main.c        **** // Interrupt-Service-Routine PIOA
  26:main.c        **** //**************************************************************
  27:main.c        **** __attribute__ ((used)) void pioa_isr (void){
  33              	d = 0, frame = 4
  34              		@ frame_needed = 1, uses_anonymous_args = 0
  35              		mov	ip, sp
  36 0000 0DC0A0E1 	.LCFI0:
  37              		stmfd	sp!, {fp, ip, lr, pc}
  38 0004 00D82DE9 	.LCFI1:
  39              		sub	fp, ip, #4
  40 0008 04B04CE2 	.LCFI2:
  41              		sub	sp, sp, #4
  42 000c 04D04DE2 	.LCFI3:
  43              		.loc 1 34 0
  28:main.c        **** ******************************************
  29:main.c        **** __attribute__ ((used)) void pioa_isr (void){
  30:main.c        **** 
  31:main.c        **** 	volatile unsigned int dummy;			// Lokale dummy-Variable als volatile deklariert
  32:main.c        **** 	static unsigned char on=0;				// Variable Start/Stop
  33:main.c        **** 
  34:main.c        **** 
  44              	e
  45 0010 FEFFFFEB 		mov	r3, r0
  46 0014 0030A0E1 		sub	r3, r3, #1
  47 0018 013043E2 		cmp	r3, #5
  48 001c 050053E3 		ldrls	pc, [pc, r3, asl #2]
  49 0020 03F19F97 		b	.L2
  50 0024 330000EA 	.L8:
  51              		.word	.L3
  52 0028 AC000000 		.word	.L4
  53 002c 40000000 		.word	.L5
  54 0030 CC000000 		.word	.L6
  55 0034 BC000000 		.word	.L2
  56 0038 F8000000 		.word	.L7
  57 003c E4000000 	.L4:
  58              		.loc 1 36 0
  35:main.c        **** le als volatile deklariert
  36:main.c        **** 	static unsigned char on=0;				// Variable Start/Stop
  59              	ldrb	r3, [r3, #0]	@ zero_extendqisi2
  60 0040 CC309FE5 		cmp	r3, #0
  61 0044 0030D3E5 		beq	.L9
  62 0048 000053E3 		.loc 1 37 0
  63 004c 0800000A 		mov	r3, #-16777216
  37:main.c        **** riable als volatile deklariert
  64              	r3, r3, #16384000
  65 0050 FF34A0E3 		add	r3, r3, #64
  66 0054 FA3883E2 		mov	r2, #2
  67 0058 403083E2 		str	r2, [r3, #0]
  68 005c 0220A0E3 		.loc 1 38 0
  69 0060 002083E5 		ldr	r2, .L12
  38:main.c        **** d){
  70              	3, #0
  71 0064 A8209FE5 		strb	r3, [r2, #0]
  72 0068 0030A0E3 		b	.L2
  73 006c 0030C2E5 	.L9:
  74 0070 200000EA 		.loc 1 41 0
  75              		mov	r3, #-16777216
  39:main.c        **** ******************************************
  40:main.c        **** __attribute__ ((used)) void pioa_isr (void){
  41:main.c        **** 
  76              	3, r3, #16384000
  77 0074 FF34A0E3 		add	r3, r3, #64
  78 0078 FA3883E2 		mov	r2, #1
  79 007c 403083E2 		str	r2, [r3, #0]
  80 0080 0120A0E3 		.loc 1 42 0
  81 0084 002083E5 		mov	r3, #-16777216
  42:main.c        **** ****************************************
  82              	3, r3, #16384000
  83 0088 FF34A0E3 		add	r3, r3, #64
  84 008c FA3883E2 		mov	r2, #4
  85 0090 403083E2 		str	r2, [r3, #0]
  86 0094 0420A0E3 		.loc 1 43 0
  87 0098 002083E5 		ldr	r2, .L12
  43:main.c        **** pt-Service-Routine PIOA
  88              	3, #1
  89 009c 70209FE5 		strb	r3, [r2, #0]
  90 00a0 0130A0E3 		b	.L2
  91 00a4 0030C2E5 	.L3:
  92 00a8 120000EA 		.loc 1 47 0
  93              		ldr	r2, .L12+4
  44:main.c        **** *******************************************************
  45:main.c        **** // Interrupt-Service-Routine PIOA
  46:main.c        **** //**************************************************************
  47:main.c        **** __attribute__ ((used)) void pioa_isr (void){
  94              	3, #0
  95 00ac 64209FE5 		str	r3, [r2, #0]
  96 00b0 0030E0E3 		b	.L2
  97 00b4 003082E5 	.L6:
  98 00b8 0E0000EA 		.loc 1 50 0
  99              		ldr	r2, .L12+4
  48:main.c        **** ******************************************
  49:main.c        **** __attribute__ ((used)) void pioa_isr (void){
  50:main.c        **** 
 100              	3, #1
 101 00bc 54209FE5 		str	r3, [r2, #0]
 102 00c0 0130A0E3 		b	.L2
 103 00c4 003082E5 	.L5:
 104 00c8 0A0000EA 		.loc 1 53 0
 105              		ldr	r3, .L12+8
  51:main.c        **** ****************************************
  52:main.c        **** __attribute__ ((used)) void pioa_isr (void){
  53:main.c        **** 
 106              	3, [r3, #0]
 107 00cc 48309FE5 		sub	r2, r3, #1
 108 00d0 003093E5 		ldr	r3, .L12+8
 109 00d4 012043E2 		str	r2, [r3, #0]
 110 00d8 3C309FE5 		b	.L2
 111 00dc 002083E5 	.L7:
 112 00e0 040000EA 		.loc 1 56 0
 113              		ldr	r3, .L12+8
  54:main.c        **** ****************************************
  55:main.c        **** __attribute__ ((used)) void pioa_isr (void){
  56:main.c        **** 
 114              	 [r3, #0]
 115 00e4 30309FE5 		add	r2, r3, #1
 116 00e8 003093E5 		ldr	r3, .L12+8
 117 00ec 012083E2 		str	r2, [r3, #0]
 118 00f0 24309FE5 	.L2:
 119 00f4 002083E5 		.loc 1 63 0
 120              		mov	r0, #50
  57:main.c        **** ****************************************
  58:main.c        **** __attribute__ ((used)) void pioa_isr (void){
  59:main.c        **** 
  60:main.c        **** 	volatile unsigned int dummy;			// Lokale dummy-Variable als volatile deklariert
  61:main.c        **** 	static unsigned char on=0;				// Variable Start/Stop
  62:main.c        **** 
  63:main.c        **** 
 121              	ay5ms
 122 00f8 3200A0E3 		.loc 1 65 0
 123 00fc FEFFFFEB 		mov	r3, #-1610612736
  64:main.c        **** le als volatile deklariert
  65:main.c        **** 	static unsigned char on=0;				// Variable Start/Stop
 124              	v	r3, r3, asr #19
 125 0100 0A32A0E3 		ldr	r3, [r3, #76]
 126 0104 C339A0E1 		str	r3, [fp, #-16]
 127 0108 4C3093E5 		.loc 1 66 0
 128 010c 10300BE5 		ldmfd	sp, {r3, fp, sp, pc}
  66:main.c        **** riable als volatile deklariert
 129              	
 130 0110 08A89DE8 		.align	2
 131              	.L12:
 132              		.word	on.1691
 133              		.word	global_LR
 134 0114 00000000 		.word	global_delay
 135 0118 00000000 	.LFE2:
 137              		.section	.rodata
 138              		.align	2
 141              	cRECHTS.1718:
 142              		.word	8437760
 143              		.word	8388608
 144 0000 00C08000 		.word	1114112
 145 0004 00008000 		.word	0
 146 0008 00001100 		.word	57344
 147 000c 00000000 		.word	8192
 148 0010 00E00000 		.word	9510912
 149 0014 00200000 		.word	8396800
 150 0018 00209100 		.bss
 151 001c 00208000 	i.1717:
 152              		.space	1
 153              		.text
 154 0001 00       		.align	2
 155              		.global	timer1_isr
 157              	timer1_isr:
 158              	.LFB3:
 159              		.loc 1 71 0
 160              		@ args = 0, pretend = 0, frame = 4
  67:main.c        **** d){
  68:main.c        **** 
  69:main.c        **** 	volatile unsigned int dummy;			// Lokale dummy-Variable als volatile deklariert
  70:main.c        **** 	static unsigned char on=0;				// Variable Start/Stop
  71:main.c        **** 
 161              	mous_args = 0
 162              		mov	ip, sp
 163              	.LCFI4:
 164 0120 0DC0A0E1 		stmfd	sp!, {fp, ip, lr, pc}
 165              	.LCFI5:
 166 0124 00D82DE9 		sub	fp, ip, #4
 167              	.LCFI6:
 168 0128 04B04CE2 		sub	sp, sp, #4
 169              	.LCFI7:
 170 012c 04D04DE2 		.loc 1 86 0
 171              		mov	r2, #-1610612736
  72:main.c        **** able als volatile deklariert
  73:main.c        **** 	static unsigned char on=0;				// Variable Start/Stop
  74:main.c        **** 
  75:main.c        **** 
  76:main.c        **** 
  77:main.c        **** 	switch (getTaste()) {
  78:main.c        **** 	case 2:
  79:main.c        **** 		if(on){											// Motor aus
  80:main.c        **** 			AT91C_BASE_TC1->TC_CCR=AT91C_TC_CLKDIS;	// CLK aus
  81:main.c        **** 			on=0;									// Start/Stop auf 0
  82:main.c        **** 		} else										// Motor an
  83:main.c        **** 		{											// Start/Stop auf 1
  84:main.c        **** 			AT91C_BASE_TC1->TC_CCR=AT91C_TC_CLKEN;	// CLK ein
  85:main.c        **** 			AT91C_BASE_TC1->TC_CCR=AT91C_TC_SWTRG;	// Zurücksetzen des Zählers
  86:main.c        **** 			on=1;
 172              	, asr #19
 173 0130 0A22A0E3 		ldr	r3, .L16
 174 0134 C229A0E1 		ldrb	r3, [r3, #0]	@ zero_extendqisi2
 175 0138 5C309FE5 		and	r1, r3, #7
 176 013c 0030D3E5 		ldr	r3, .L16+4
 177 0140 071003E2 		ldr	r3, [r3, r1, asl #2]
 178 0144 54309FE5 		str	r3, [r2, #56]
 179 0148 013193E7 		.loc 1 88 0
 180 014c 383082E5 		ldr	r3, .L16+8
  87:main.c        **** C_BASE_TC1->TC_CCR=AT91C_TC_SWTRG;	// Zurücksetzen des Zählers
  88:main.c        **** 			on=1;
 181              	[r3, #0]
 182 0150 4C309FE5 		and	r2, r3, #255
 183 0154 003093E5 		ldr	r3, .L16
 184 0158 FF2003E2 		ldrb	r3, [r3, #0]	@ zero_extendqisi2
 185 015c 38309FE5 		add	r3, r2, r3
 186 0160 0030D3E5 		and	r3, r3, #255
 187 0164 033082E0 		ldr	r2, .L16
 188 0168 FF3003E2 		strb	r3, [r2, #0]
 189 016c 28209FE5 		.loc 1 89 0
 190 0170 0030C2E5 		ldr	r3, .L16+12
  89:main.c        **** C_BASE_TC1->TC_CCR=AT91C_TC_SWTRG;	// Zurücksetzen des Zählers
 191              	r3, #0]
 192 0174 2C309FE5 		mov	r0, r3
 193 0178 003093E5 		bl	delay5ms
 194 017c 0300A0E1 		.loc 1 92 0
 195 0180 FEFFFFEB 		mov	r3, #-16777216
  90:main.c        **** in
  91:main.c        **** 			AT91C_BASE_TC1->TC_CCR=AT91C_TC_SWTRG;	// Zurücksetzen des Zählers
  92:main.c        **** 			on=1;
 196              	r3, r3, #16384000
 197 0184 FF34A0E3 		add	r3, r3, #64
 198 0188 FA3883E2 		ldr	r3, [r3, #32]
 199 018c 403083E2 		str	r3, [fp, #-16]
 200 0190 203093E5 		.loc 1 93 0
 201 0194 10300BE5 		ldmfd	sp, {r3, fp, sp, pc}
  93:main.c        **** C_BASE_TC1->TC_CCR=AT91C_TC_SWTRG;	// Zurücksetzen des Zählers
 202              		.align	2
 203 0198 08A89DE8 	.L16:
 204              		.word	i.1717
 205              		.word	cRECHTS.1718
 206              		.word	global_LR
 207 019c 01000000 		.word	global_delay
 208 01a0 00000000 	.LFE3:
 210 01a8 00000000 		.align	2
 211              		.global	main
 213              	main:
 214              	.LFB4:
 215              		.loc 1 98 0
 216              		@ args = 0, pretend = 0, frame = 0
 217              		@ frame_needed = 1, uses_anonymous_args = 0
  94:main.c        **** in
  95:main.c        **** 			AT91C_BASE_TC1->TC_CCR=AT91C_TC_SWTRG;	// Zurücksetzen des Zählers
  96:main.c        **** 			on=1;
  97:main.c        **** 		}
  98:main.c        **** 		break;
 218              	I8:
 219              		stmfd	sp!, {fp, ip, lr, pc}
 220              	.LCFI9:
 221 01ac 0DC0A0E1 		sub	fp, ip, #4
 222              	.LCFI10:
 223 01b0 00D82DE9 		.loc 1 99 0
 224              		mov	r3, #-2147483648
 225 01b4 04B04CE2 		mov	r3, r3, asr #21
 226              		mov	r2, #4
  99:main.c        **** CCR=AT91C_TC_SWTRG;	// Zurücksetzen des Zählers
 227              	[r3, #16]
 228 01b8 0231A0E3 		.loc 1 101 0
 229 01bc C33AA0E1 		mov	r2, #-1610612736
 230 01c0 0420A0E3 		mov	r2, r2, asr #19
 231 01c4 102083E5 		mov	r3, #9502720
 100:main.c        **** in
 101:main.c        **** 			AT91C_BASE_TC1->TC_CCR=AT91C_TC_SWTRG;	// Zurücksetzen des Zählers
 232              	r3, r3, #57344
 233 01c8 0A22A0E3 		str	r3, [r2, #16]
 234 01cc C229A0E1 		.loc 1 102 0
 235 01d0 9138A0E3 		mov	r2, #-1610612736
 236 01d4 0E3A83E2 		mov	r2, r2, asr #19
 237 01d8 103082E5 		mov	r3, #9502720
 102:main.c        **** in
 238              	3, r3, #57344
 239 01dc 0A22A0E3 		str	r3, [r2, #160]
 240 01e0 C229A0E1 		.loc 1 105 0
 241 01e4 9138A0E3 		mov	r2, #-1610612736
 242 01e8 0E3A83E2 		mov	r2, r2, asr #19
 243 01ec A03082E5 		mov	r3, #9502720
 103:main.c        **** 	// Start/Stop auf 1
 104:main.c        **** 			AT91C_BASE_TC1->TC_CCR=AT91C_TC_CLKEN;	// CLK ein
 105:main.c        **** 			AT91C_BASE_TC1->TC_CCR=AT91C_TC_SWTRG;	// Zurücksetzen des Zählers
 244              	3, r3, #57344
 245 01f0 0A22A0E3 		str	r3, [r2, #96]
 246 01f4 C229A0E1 		.loc 1 108 0
 247 01f8 9138A0E3 		mov	r0, #1
 248 01fc 0E3A83E2 		mov	r1, #4
 249 0200 603082E5 		mov	r2, #16384
 106:main.c        **** in
 107:main.c        **** 			AT91C_BASE_TC1->TC_CCR=AT91C_TC_SWTRG;	// Zurücksetzen des Zählers
 108:main.c        **** 			on=1;
 250              	2, r2, #3
 251 0204 0100A0E3 		ldr	r3, .L21
 252 0208 0410A0E3 		bl	timer_ir_init
 253 020c 0129A0E3 		.loc 1 109 0
 254 0210 032082E2 		mov	r2, #-16777216
 255 0214 44309FE5 		add	r2, r2, #16384000
 256 0218 FEFFFFEB 		add	r2, r2, #64
 109:main.c        **** C_BASE_TC1->TC_CCR=AT91C_TC_SWTRG;	// Zurücksetzen des Zählers
 257              	, #6976
 258 021c FF24A0E3 		add	r3, r3, #55
 259 0220 FA2882E2 		str	r3, [r2, #28]
 260 0224 402082E2 		.loc 1 110 0
 261 0228 6D3DA0E3 		mov	r3, #-16777216
 262 022c 373083E2 		add	r3, r3, #16384000
 263 0230 1C3082E5 		add	r3, r3, #64
 110:main.c        **** in
 264              	, #4
 265 0234 FF34A0E3 		str	r2, [r3, #0]
 266 0238 FA3883E2 		.loc 1 112 0
 267 023c 403083E2 		mov	r0, #-2147483645
 268 0240 0420A0E3 		mov	r1, #4
 269 0244 002083E5 		mov	r2, #3
 111:main.c        **** 	// Start/Stop auf 1
 112:main.c        **** 			AT91C_BASE_TC1->TC_CCR=AT91C_TC_CLKEN;	// CLK ein
 270              	3, .L21+4
 271 0248 0E01A0E3 		bl	pioa_ir_init
 272 024c 0410A0E3 	.L19:
 273 0250 0320A0E3 		b	.L19
 274 0254 08309FE5 	.L22:
 275 0258 FEFFFFEB 		.align	2
 276              	.L21:
 277 025c FEFFFFEA 		.word	timer1_isr
 278              		.word	pioa_isr
 279              	.LFE4:
 281 0260 00000000 		.section	.debug_frame,"",%progbits
 282 0264 00000000 	.Lframe0:
 283              		.4byte	.LECIE0-.LSCIE0
 284              	.LSCIE0:
 376              		.4byte	.LFB2-.Ltext0
DEFINED SYMBOLS
                            *ABS*:00000000 main.c
C:\Users\Robin\AppData\Local\Temp/cca3rRyT.s:15     .data:00000000 global_LR
C:\Users\Robin\AppData\Local\Temp/cca3rRyT.s:16     .data:00000000 $d
C:\Users\Robin\AppData\Local\Temp/cca3rRyT.s:21     .data:00000004 global_delay
C:\Users\Robin\AppData\Local\Temp/cca3rRyT.s:24     .bss:00000000 on.1691
C:\Users\Robin\AppData\Local\Temp/cca3rRyT.s:30     .text:00000000 pioa_isr
C:\Users\Robin\AppData\Local\Temp/cca3rRyT.s:36     .text:00000000 $a
C:\Users\Robin\AppData\Local\Temp/cca3rRyT.s:52     .text:00000028 $d
C:\Users\Robin\AppData\Local\Temp/cca3rRyT.s:60     .text:00000040 $a
C:\Users\Robin\AppData\Local\Temp/cca3rRyT.s:134    .text:00000114 $d
C:\Users\Robin\AppData\Local\Temp/cca3rRyT.s:143    .rodata:00000000 cRECHTS.1718
C:\Users\Robin\AppData\Local\Temp/cca3rRyT.s:144    .rodata:00000000 $d
C:\Users\Robin\AppData\Local\Temp/cca3rRyT.s:153    .bss:00000001 i.1717
C:\Users\Robin\AppData\Local\Temp/cca3rRyT.s:159    .text:00000120 timer1_isr
C:\Users\Robin\AppData\Local\Temp/cca3rRyT.s:164    .text:00000120 $a
C:\Users\Robin\AppData\Local\Temp/cca3rRyT.s:207    .text:0000019c $d
C:\Users\Robin\AppData\Local\Temp/cca3rRyT.s:216    .text:000001ac main
C:\Users\Robin\AppData\Local\Temp/cca3rRyT.s:221    .text:000001ac $a
C:\Users\Robin\AppData\Local\Temp/cca3rRyT.s:281    .text:00000260 $d

UNDEFINED SYMBOLS
getTaste
delay5ms
timer_ir_init
pioa_ir_init
