   1              		.file	"main.c"
   9              	.Ltext0:
  10              		.align	2
  11              		.global	delay_ms
  13              	delay_ms:
  14              	.LFB2:
  15              		.file 1 "main.c"
   1:main.c        **** //********************************************************************
   2:main.c        **** // ARM_T5A3a									Version 02.04.2012 hpw
   3:main.c        **** //********************************************************************
   4:main.c        **** #include "include/AT91SAM7S64.h"
   5:main.c        **** #include "display.h"
   6:main.c        **** 
   7:main.c        **** #define LED1 AT91C_PIO_PA30
   8:main.c        **** #define LED2 AT91C_PIO_PA2
   9:main.c        **** #define LED3 AT91C_PIO_PA28
  10:main.c        **** #define LED4 AT91C_PIO_PA17
  11:main.c        **** #define LED5 AT91C_PIO_PA18
  12:main.c        **** 
  13:main.c        **** #define ARRAY_LENGTH(X) (sizeof(X)/sizeof(X[0]))
  14:main.c        **** #define FREQ 18750
  15:main.c        **** #define PWM_CHANNEL 2
  16:main.c        **** 
  17:main.c        **** typedef unsigned int uint_t;
  18:main.c        **** 
  19:main.c        **** void delay_ms(unsigned int milliseconds){
  16              	 args = 0, pretend = 0, frame = 8
  17              		@ frame_needed = 1, uses_anonymous_args = 0
  18              		mov	ip, sp
  19 0000 0DC0A0E1 	.LCFI0:
  20              		stmfd	sp!, {fp, ip, lr, pc}
  21 0004 00D82DE9 	.LCFI1:
  22              		sub	fp, ip, #4
  23 0008 04B04CE2 	.LCFI2:
  24              		sub	sp, sp, #8
  25 000c 08D04DE2 	.LCFI3:
  26              		str	r0, [fp, #-20]
  27 0010 14000BE5 		b	.L2
  28 0014 0A0000EA 	.L5:
  29              		.loc 1 23 0
  20:main.c        **** L 2
  21:main.c        **** 
  22:main.c        **** typedef unsigned int uint_t;
  23:main.c        **** 
  30              	tr	r3, [fp, #-16]
  31 0018 0030A0E3 		b	.L3
  32 001c 10300BE5 	.L4:
  33 0020 020000EA 		ldr	r3, [fp, #-16]
  34              		add	r3, r3, #1
  35 0024 10301BE5 		str	r3, [fp, #-16]
  36 0028 013083E2 	.L3:
  37 002c 10300BE5 		ldr	r2, [fp, #-16]
  38              		mov	r3, #1632
  39 0030 10201BE5 		add	r3, r3, #5
  40 0034 663EA0E3 		cmp	r2, r3
  41 0038 053083E2 		bls	.L4
  42 003c 030052E1 	.L2:
  43 0040 F7FFFF9A 		.loc 1 22 0
  44              		ldr	r3, [fp, #-20]
  45              		cmp	r3, #0
  46 0044 14301BE5 		moveq	r3, #0
  47 0048 000053E3 		movne	r3, #1
  48 004c 0030A003 		and	r2, r3, #255
  49 0050 0130A013 		ldr	r3, [fp, #-20]
  50 0054 FF2003E2 		sub	r3, r3, #1
  51 0058 14301BE5 		str	r3, [fp, #-20]
  52 005c 013043E2 		cmp	r2, #0
  53 0060 14300BE5 		bne	.L5
  54 0064 000052E3 		.loc 1 24 0
  55 0068 EAFFFF1A 		sub	sp, fp, #12
  24:main.c        **** [0]))
  56              	FE2:
  58 0070 00A89DE8 		.global	all_leds
  59              		.data
  60              		.align	2
  63              	all_leds:
  64              		.word	1073741824
  65              		.word	4
  66              		.word	268435456
  67 0000 00000040 		.word	131072
  68 0004 04000000 		.word	262144
  69 0008 00000010 		.text
  70 000c 00000200 		.align	2
  71 0010 00000400 		.global	enable_led
  73              	enable_led:
  74              	.LFB3:
  75              		.loc 1 30 0
  76              		@ args = 0, pretend = 0, frame = 4
  77              		@ frame_needed = 1, uses_anonymous_args = 0
  25:main.c        **** PA17
  26:main.c        **** #define LED5 AT91C_PIO_PA18
  27:main.c        **** 
  28:main.c        **** #define ARRAY_LENGTH(X) (sizeof(X)/sizeof(X[0]))
  29:main.c        **** #define FREQ 18750
  30:main.c        **** #define PWM_CHANNEL 2
  78              	tmfd	sp!, {fp, ip, lr, pc}
  79              	.LCFI5:
  80              		sub	fp, ip, #4
  81 0074 0DC0A0E1 	.LCFI6:
  82              		sub	sp, sp, #4
  83 0078 00D82DE9 	.LCFI7:
  84              		str	r0, [fp, #-16]
  85 007c 04B04CE2 		.loc 1 31 0
  86              		mov	r3, #-1610612736
  87 0080 04D04DE2 		mov	r3, r3, asr #19
  88              		ldr	r2, [fp, #-16]
  89 0084 10000BE5 		str	r2, [r3, #16]
  31:main.c        **** RRAY_LENGTH(X) (sizeof(X)/sizeof(X[0]))
  90              	
  91 0088 0A32A0E3 		mov	r3, #-1610612736
  92 008c C339A0E1 		mov	r3, r3, asr #19
  93 0090 10201BE5 		ldr	r2, [fp, #-16]
  94 0094 102083E5 		str	r2, [r3, #160]
  32:main.c        **** PA17
  95              	c 1 33 0
  96 0098 0A32A0E3 		mov	r3, #-1610612736
  97 009c C339A0E1 		mov	r3, r3, asr #19
  98 00a0 10201BE5 		ldr	r2, [fp, #-16]
  99 00a4 A02083E5 		str	r2, [r3, #96]
  33:main.c        **** 30
 100              	 1 34 0
 101 00a8 0A32A0E3 		ldmfd	sp, {r3, fp, sp, pc}
 102 00ac C339A0E1 	.LFE3:
 104 00b4 602083E5 		.align	2
  34:main.c        **** *****
 105              	bal	led_on
 107              	led_on:
 108              	.LFB4:
 109              		.loc 1 36 0
 110              		@ args = 0, pretend = 0, frame = 4
 111              		@ frame_needed = 1, uses_anonymous_args = 0
 112              		mov	ip, sp
 113              	.LCFI8:
  35:main.c        **** ersion 02.04.2012 hpw
  36:main.c        **** //********************************************************************
 114              	!, {fp, ip, lr, pc}
 115              	.LCFI9:
 116              		sub	fp, ip, #4
 117 00bc 0DC0A0E1 	.LCFI10:
 118              		sub	sp, sp, #4
 119 00c0 00D82DE9 	.LCFI11:
 120              		str	r0, [fp, #-16]
 121 00c4 04B04CE2 		.loc 1 37 0
 122              		mov	r3, #-1610612736
 123 00c8 04D04DE2 		mov	r3, r3, asr #19
 124              		ldr	r2, [fp, #-16]
 125 00cc 10000BE5 		str	r2, [r3, #48]
  37:main.c        **** ersion 02.04.2012 hpw
 126              	
 127 00d0 0A32A0E3 		ldmfd	sp, {r3, fp, sp, pc}
 128 00d4 C339A0E1 	.LFE4:
 130 00dc 302083E5 		.align	2
  38:main.c        **** *************************************************
 131              	obal	led_off
 133              	led_off:
 134              	.LFB5:
 135              		.loc 1 40 0
 136              		@ args = 0, pretend = 0, frame = 4
 137              		@ frame_needed = 1, uses_anonymous_args = 0
 138              		mov	ip, sp
 139              	.LCFI12:
  39:main.c        **** //********************************************************************
  40:main.c        **** // ARM_T5A3a									Version 02.04.2012 hpw
 140              	!, {fp, ip, lr, pc}
 141              	.LCFI13:
 142              		sub	fp, ip, #4
 143 00e4 0DC0A0E1 	.LCFI14:
 144              		sub	sp, sp, #4
 145 00e8 00D82DE9 	.LCFI15:
 146              		str	r0, [fp, #-16]
 147 00ec 04B04CE2 		.loc 1 41 0
 148              		mov	r3, #-1610612736
 149 00f0 04D04DE2 		mov	r3, r3, asr #19
 150              		ldr	r2, [fp, #-16]
 151 00f4 10000BE5 		str	r2, [r3, #52]
  41:main.c        **** *************************************************
 152              	
 153 00f8 0A32A0E3 		ldmfd	sp, {r3, fp, sp, pc}
 154 00fc C339A0E1 	.LFE5:
 156 0104 342083E5 		.align	2
  42:main.c        **** //********************************************************************
 157              	pe	invert_pio, %function
 158 0108 08A89DE8 	invert_pio:
 159              	.LFB6:
 160              		.loc 1 44 0
 161              		@ args = 0, pretend = 0, frame = 8
 162              		@ frame_needed = 1, uses_anonymous_args = 0
 163              		mov	ip, sp
 164              	.LCFI16:
  43:main.c        **** //********************************************************************
  44:main.c        **** // ARM_T5A3a									Version 02.04.2012 hpw
 165              	p!, {fp, ip, lr, pc}
 166              	.LCFI17:
 167              		sub	fp, ip, #4
 168 010c 0DC0A0E1 	.LCFI18:
 169              		sub	sp, sp, #8
 170 0110 00D82DE9 	.LCFI19:
 171              		str	r0, [fp, #-20]
 172 0114 04B04CE2 		.loc 1 45 0
 173              		mov	r3, #-1610612736
 174 0118 08D04DE2 		mov	r3, r3, asr #19
 175              		ldr	r2, [r3, #56]
 176 011c 14000BE5 		ldr	r3, [fp, #-20]
  45:main.c        **** *************************************************
 177              	 r3
 178 0120 0A32A0E3 		str	r3, [fp, #-16]
 179 0124 C339A0E1 		.loc 1 47 0
 180 0128 382093E5 		ldr	r3, [fp, #-16]
 181 012c 14301BE5 		cmp	r3, #0
 182 0130 033002E0 		beq	.L14
 183 0134 10300BE5 		.loc 1 48 0
  46:main.c        **** //********************************************************************
  47:main.c        **** // ARM_T5A3a									Version 02.04.2012 hpw
 184              	, #-1610612736
 185 0138 10301BE5 		mov	r2, r2, asr #19
 186 013c 000053E3 		mov	r3, #-1610612736
 187 0140 0900000A 		mov	r3, r3, asr #19
  48:main.c        **** *************************************************
 188              		r1, [r3, #56]
 189 0144 0A22A0E3 		ldr	r3, [fp, #-20]
 190 0148 C229A0E1 		mvn	r3, r3
 191 014c 0A32A0E3 		and	r3, r1, r3
 192 0150 C339A0E1 		str	r3, [r2, #56]
 193 0154 381093E5 		b	.L16
 194 0158 14301BE5 	.L14:
 195 015c 0330E0E1 		.loc 1 51 0
 196 0160 033001E0 		mov	r2, #-1610612736
 197 0164 383082E5 		mov	r2, r2, asr #19
 198 0168 070000EA 		mov	r3, #-1610612736
 199              		mov	r3, r3, asr #19
  49:main.c        **** //********************************************************************
  50:main.c        **** // ARM_T5A3a									Version 02.04.2012 hpw
  51:main.c        **** //********************************************************************
 200              	, #56]
 201 016c 0A22A0E3 		ldr	r3, [fp, #-20]
 202 0170 C229A0E1 		orr	r3, r1, r3
 203 0174 0A32A0E3 		str	r3, [r2, #56]
 204 0178 C339A0E1 	.L16:
 205 017c 381093E5 		.loc 1 54 0
 206 0180 14301BE5 		sub	sp, fp, #12
 207 0184 033081E1 		ldmfd	sp, {fp, sp, pc}
 208 0188 383082E5 	.LFE6:
  52:main.c        **** ersion 02.04.2012 hpw
  53:main.c        **** //********************************************************************
  54:main.c        **** #include "include/AT91SAM7S64.h"
 210              		.global	get_bitfield_for_leds
 212 0190 00A89DE8 	get_bitfield_for_leds:
 213              	.LFB7:
 214              		.loc 1 55 0
 215              		@ args = 0, pretend = 0, frame = 16
 216              		@ frame_needed = 1, uses_anonymous_args = 0
 217              		mov	ip, sp
 218              	.LCFI20:
 219              		stmfd	sp!, {fp, ip, lr, pc}
  55:main.c        **** **********************************************************
 220              	sub	fp, ip, #4
 221              	.LCFI22:
 222              		sub	sp, sp, #16
 223 0194 0DC0A0E1 	.LCFI23:
 224              		str	r0, [fp, #-24]
 225 0198 00D82DE9 		str	r1, [fp, #-28]
 226              		.loc 1 56 0
 227 019c 04B04CE2 		mov	r3, #0
 228              		str	r3, [fp, #-20]
 229 01a0 10D04DE2 	.LBB2:
 230              		.loc 1 58 0
 231 01a4 18000BE5 		mov	r3, #0
 232 01a8 1C100BE5 		str	r3, [fp, #-16]
  56:main.c        **** ersion 02.04.2012 hpw
 233              	
 234 01ac 0030A0E3 		.loc 1 59 0
 235 01b0 14300BE5 		ldr	r3, [fp, #-16]
 236              		mov	r2, r3, asl #2
  57:main.c        **** *************************************************
  58:main.c        **** // ARM_T5A3a									Version 02.04.2012 hpw
 237              	r	r3, [fp, #-24]
 238 01b4 0030A0E3 		add	r3, r3, r2
 239 01b8 10300BE5 		ldr	r2, [r3, #0]
 240 01bc 0A0000EA 		ldr	r3, [fp, #-20]
 241              		orr	r3, r3, r2
  59:main.c        **** *************************************************
 242              	r3, [fp, #-20]
 243 01c0 10301BE5 		.loc 1 58 0
 244 01c4 0321A0E1 		ldr	r3, [fp, #-16]
 245 01c8 18301BE5 		add	r3, r3, #1
 246 01cc 023083E0 		str	r3, [fp, #-16]
 247 01d0 002093E5 	.L18:
 248 01d4 14301BE5 		ldr	r2, [fp, #-16]
 249 01d8 023083E1 		ldr	r3, [fp, #-28]
 250 01dc 14300BE5 		cmp	r2, r3
 251              		bcc	.L19
 252 01e0 10301BE5 	.LBE2:
 253 01e4 013083E2 		.loc 1 62 0
 254 01e8 10300BE5 		ldr	r3, [fp, #-20]
 255              		.loc 1 63 0
 256 01ec 10201BE5 		mov	r0, r3
 257 01f0 1C301BE5 		sub	sp, fp, #12
 258 01f4 030052E1 		ldmfd	sp, {fp, sp, pc}
 259 01f8 F0FFFF3A 	.LFE7:
  60:main.c        **** //********************************************************************
  61:main.c        **** // ARM_T5A3a									Version 02.04.2012 hpw
  62:main.c        **** //********************************************************************
 261              	.align	2
 262 01fc 14301BE5 	.LC0:
  63:main.c        **** ersion 02.04.2012 hpw
 263              	ascii	"%d\000"
 264 0200 0300A0E1 		.text
 265 0204 0CD04BE2 		.align	2
 266 0208 00A89DE8 		.global	main
 268              	main:
 269              	.LFB8:
 270              		.loc 1 68 0
 271              		@ args = 0, pretend = 0, frame = 8
 272 0000 256400   		@ frame_needed = 1, uses_anonymous_args = 0
 273 0003 00       		mov	ip, sp
 274              	.LCFI24:
 275              		stmfd	sp!, {fp, ip, lr, pc}
 276              	.LCFI25:
 277              		sub	fp, ip, #4
 278              	.LCFI26:
  64:main.c        **** *************************************************
  65:main.c        **** // ARM_T5A3a									Version 02.04.2012 hpw
  66:main.c        **** //********************************************************************
  67:main.c        **** #include "include/AT91SAM7S64.h"
  68:main.c        **** #include "display.h"
 279              	.LCFI27:
 280              	.LBB3:
 281              		.loc 1 69 0
 282 020c 0DC0A0E1 		mov	r3, #0
 283              		str	r3, [fp, #-20]
 284 0210 00D82DE9 		b	.L22
 285              	.L23:
 286 0214 04B04CE2 		.loc 1 70 0
 287              		ldr	r2, [fp, #-20]
 288 0218 08D04DE2 		ldr	r3, .L27
 289              		ldr	r3, [r3, r2, asl #2]
 290              		mov	r0, r3
  69:main.c        **** ************************************
 291              	ed
 292 021c 0030A0E3 		.loc 1 71 0
 293 0220 14300BE5 		ldr	r2, [fp, #-20]
 294 0224 0C0000EA 		ldr	r3, .L27
 295              		ldr	r3, [r3, r2, asl #2]
  70:main.c        **** ersion 02.04.2012 hpw
 296              	r0, r3
 297 0228 14201BE5 		bl	led_off
 298 022c 9C309FE5 		.loc 1 69 0
 299 0230 023193E7 		ldr	r3, [fp, #-20]
 300 0234 0300A0E1 		add	r3, r3, #1
 301 0238 FEFFFFEB 		str	r3, [fp, #-20]
  71:main.c        **** *************************************************
 302              		ldr	r3, [fp, #-20]
 303 023c 14201BE5 		cmp	r3, #4
 304 0240 88309FE5 		bls	.L23
 305 0244 023193E7 	.LBE3:
 306 0248 0300A0E1 		.loc 1 74 0
 307 024c FEFFFFEB 		bl	display_init
 308              		.loc 1 76 0
 309 0250 14301BE5 		mov	r3, #-1342177280
 310 0254 013083E2 		mov	r3, r3, asr #13
 311 0258 14300BE5 		mov	r2, #3
 312              		str	r2, [r3, #0]
 313 025c 14301BE5 		.loc 1 77 0
 314 0260 040053E3 		mov	r3, #-1342177280
 315 0264 EFFFFF9A 		mov	r3, r3, asr #13
 316              		mov	r2, #32
  72:main.c        **** //********************************************************************
  73:main.c        **** // ARM_T5A3a									Version 02.04.2012 hpw
  74:main.c        **** //********************************************************************
 317              	16]
 318 0268 FEFFFFEB 	.L25:
  75:main.c        **** ersion 02.04.2012 hpw
  76:main.c        **** //********************************************************************
 319              	loc 1 80 0
 320 026c 0B32A0E3 		mov	r3, #-1342177280
 321 0270 C336A0E1 		mov	r3, r3, asr #13
 322 0274 0320A0E3 		ldr	r3, [r3, #28]
 323 0278 002083E5 		and	r3, r3, #131072
  77:main.c        **** ersion 02.04.2012 hpw
 324              	r3, #0
 325 027c 0B32A0E3 		beq	.L24
 326 0280 C336A0E1 	.LBB4:
 327 0284 2020A0E3 		.loc 1 82 0
 328 0288 102083E5 		mov	r3, #-1342177280
 329              		mov	r3, r3, asr #13
  78:main.c        **** *************************************************
  79:main.c        **** // ARM_T5A3a									Version 02.04.2012 hpw
  80:main.c        **** //********************************************************************
 330              	3, [r3, #64]
 331 028c 0B32A0E3 		str	r3, [fp, #-16]
 332 0290 C336A0E1 		.loc 1 83 0
 333 0294 1C3093E5 		ldr	r0, .L27+4
 334 0298 023803E2 		ldr	r1, [fp, #-16]
 335 029c 000053E3 		bl	display_printf
 336 02a0 0600000A 	.L24:
 337              	.LBE4:
  81:main.c        **** ersion 02.04.2012 hpw
  82:main.c        **** //********************************************************************
 338              	90 0
 339 02a4 0B32A0E3 		mov	r0, #100
 340 02a8 C336A0E1 		bl	delay_ms
 341 02ac 403093E5 		.loc 1 91 0
 342 02b0 10300BE5 		bl	display_clear
  83:main.c        **** ersion 02.04.2012 hpw
 343              	25
 344 02b4 18009FE5 	.L28:
 345 02b8 10101BE5 		.align	2
 346 02bc FEFFFFEB 	.L27:
 347              		.word	all_leds
 348              		.word	.LC0
  84:main.c        **** *************************************************
  85:main.c        **** // ARM_T5A3a									Version 02.04.2012 hpw
  86:main.c        **** //********************************************************************
  87:main.c        **** #include "include/AT91SAM7S64.h"
  88:main.c        **** #include "display.h"
  89:main.c        **** 
  90:main.c        **** #define LED1 AT91C_PIO_PA30
 349              	
 351 02c4 FEFFFFEB 		.section	.debug_frame,"",%progbits
  91:main.c        **** *****
 352              	frame0:
 353 02c8 FEFFFFEB 		.4byte	.LECIE0-.LSCIE0
 354 02cc EEFFFFEA 	.LSCIE0:
 355              		.4byte	0xffffffff
 356              		.byte	0x1
 357              		.ascii	"\000"
 358 02d0 00000000 		.uleb128 0x1
 359 02d4 00000000 		.sleb128 -4
 360              		.byte	0xe
 361              		.byte	0xc
 553              		.byte	0x5c
DEFINED SYMBOLS
                            *ABS*:00000000 main.c
C:\Users\Aomx\AppData\Local\Temp/ccP6jEsc.s:13     .text:00000000 delay_ms
C:\Users\Aomx\AppData\Local\Temp/ccP6jEsc.s:19     .text:00000000 $a
C:\Users\Aomx\AppData\Local\Temp/ccP6jEsc.s:66     .data:00000000 all_leds
C:\Users\Aomx\AppData\Local\Temp/ccP6jEsc.s:67     .data:00000000 $d
C:\Users\Aomx\AppData\Local\Temp/ccP6jEsc.s:76     .text:00000074 enable_led
C:\Users\Aomx\AppData\Local\Temp/ccP6jEsc.s:112    .text:000000bc led_on
C:\Users\Aomx\AppData\Local\Temp/ccP6jEsc.s:138    .text:000000e4 led_off
C:\Users\Aomx\AppData\Local\Temp/ccP6jEsc.s:163    .text:0000010c invert_pio
C:\Users\Aomx\AppData\Local\Temp/ccP6jEsc.s:218    .text:00000194 get_bitfield_for_leds
C:\Users\Aomx\AppData\Local\Temp/ccP6jEsc.s:277    .text:0000020c main
C:\Users\Aomx\AppData\Local\Temp/ccP6jEsc.s:358    .text:000002d0 $d

UNDEFINED SYMBOLS
display_init
display_printf
display_clear
