   1              		.file	"main.c"
   9              	.Ltext0:
  10              		.align	2
  11              		.global	delay5ms
  13              	delay5ms:
  14              	.LFB2:
  15              		.file 1 "main.c"
   1:main.c        **** //********************************************************************
   2:main.c        **** // ARM_T1A1										Version 02.04.2012 hpw
   3:main.c        **** //********************************************************************
   4:main.c        **** #include	"include/AT91SAM7S64.h"			// Definition von ARM7 typischen Registern etc.
   5:main.c        **** 
   6:main.c        **** #define		LED1	AT91C_PIO_PA30			// Parallel Input Output Control Pin 30
   7:main.c        **** #define		LED2	AT91C_PIO_PA2 			// Parallel Input Output Control Pin 2
   8:main.c        **** #define		LED3	AT91C_PIO_PA28			// Parallel Input Output Control Pin 28
   9:main.c        **** #define		LED4	AT91C_PIO_PA17			// Parallel Input Output Control Pin 30
  10:main.c        **** #define		LED5	AT91C_PIO_PA18			// Parallel Input Output Control Pin 30
  11:main.c        **** 
  12:main.c        **** 
  13:main.c        **** //**************************************************************
  14:main.c        **** // delay5ms(uiK) verzögert um ca. uiK * 5ms
  15:main.c        **** //**************************************************************
  16:main.c        **** void delay5ms(unsigned int uiK){
  16              	 args = 0, pretend = 0, frame = 8
  17              		@ frame_needed = 1, uses_anonymous_args = 0
  18              		mov	ip, sp
  19 0000 0DC0A0E1 	.LCFI0:
  20              		stmfd	sp!, {fp, ip, lr, pc}
  21 0004 00D82DE9 	.LCFI1:
  22              		sub	fp, ip, #4
  23 0008 04B04CE2 	.LCFI2:
  24              		sub	sp, sp, #8
  25 000c 08D04DE2 	.LCFI3:
  26              		str	r0, [fp, #-20]
  27 0010 14000BE5 		b	.L2
  28 0014 0A0000EA 	.L5:
  29              		.loc 1 20 0
  17:main.c        ****  delay5ms(unsigned int uiK){
  18:main.c        **** 	volatile unsigned int uiI;
  19:main.c        **** 
  20:main.c        **** 	while (uiK--)							// folgende for-Schleife wird uiK-mal aufgerufen
  30              	tr	r3, [fp, #-16]
  31 0018 0030A0E3 		b	.L3
  32 001c 10300BE5 	.L4:
  33 0020 020000EA 		ldr	r3, [fp, #-16]
  34              		add	r3, r3, #1
  35 0024 10301BE5 		str	r3, [fp, #-16]
  36 0028 013083E2 	.L3:
  37 002c 10300BE5 		ldr	r2, [fp, #-16]
  38              		mov	r3, #8128
  39 0030 10201BE5 		add	r3, r3, #63
  40 0034 7F3DA0E3 		cmp	r2, r3
  41 0038 3F3083E2 		bls	.L4
  42 003c 030052E1 	.L2:
  43 0040 F7FFFF9A 		.loc 1 19 0
  44              		ldr	r3, [fp, #-20]
  45              		cmp	r3, #0
  46 0044 14301BE5 		moveq	r3, #0
  47 0048 000053E3 		movne	r3, #1
  48 004c 0030A003 		and	r2, r3, #255
  49 0050 0130A013 		ldr	r3, [fp, #-20]
  50 0054 FF2003E2 		sub	r3, r3, #1
  51 0058 14301BE5 		str	r3, [fp, #-20]
  52 005c 013043E2 		cmp	r2, #0
  53 0060 14300BE5 		bne	.L5
  54 0064 000052E3 		.loc 1 22 0
  55 0068 EAFFFF1A 		sub	sp, fp, #12
  21:main.c        **** e wird uiK-mal aufgerufen
  22:main.c        **** 		for (uiI=0; uiI<8192; uiI++);		//  for-Schleife wird 8192-mal durchlaufen. Dies
  56              	FE2:
  58 0070 00A89DE8 		.align	2
  59              		.global	main
  61              	main:
  62              	.LFB3:
  63              		.loc 1 27 0
  64              		@ args = 0, pretend = 0, frame = 8
  65              		@ frame_needed = 1, uses_anonymous_args = 0
  23:main.c        **** 92-mal durchlaufen. Dies
  24:main.c        **** 											//  verursacht eine Zeitverzögerung von ca. 5ms.
  25:main.c        **** }
  26:main.c        **** 
  27:main.c        **** //**************************************************************
  66              	p
  67              	.LCFI4:
  68              		stmfd	sp!, {fp, ip, lr, pc}
  69 0074 0DC0A0E1 	.LCFI5:
  70              		sub	fp, ip, #4
  71 0078 00D82DE9 	.LCFI6:
  72              		sub	sp, sp, #8
  73 007c 04B04CE2 	.LCFI7:
  74              		.loc 1 28 0
  75 0080 08D04DE2 		mov	r3, #120
  76              		strb	r3, [fp, #-17]
  28:main.c        **** ********************
  77              	0
  78 0084 7830A0E3 		mov	r3, #1342177284
  79 0088 11304BE5 		add	r3, r3, #393216
  29:main.c        **** ********************
  80              	r	r3, [fp, #-16]
  81 008c 4532A0E3 		.loc 1 31 0
  82 0090 063883E2 		mov	r3, #-1610612736
  83 0094 10300BE5 		mov	r3, r3, asr #19
  30:main.c        **** ********************
  31:main.c        **** // main läßt LED am Port P30 für ca. 1 Minute mit 1 Hz blinken
  84              		r2, [fp, #-16]
  85 0098 0A32A0E3 		str	r2, [r3, #16]
  86 009c C339A0E1 		.loc 1 32 0
  87 00a0 10201BE5 		mov	r3, #-1610612736
  88 00a4 102083E5 		mov	r3, r3, asr #19
  32:main.c        **** te mit 1 Hz blinken
  89              	r2, [fp, #-16]
  90 00a8 0A32A0E3 		str	r2, [r3, #160]
  91 00ac C339A0E1 		.loc 1 33 0
  92 00b0 10201BE5 		mov	r3, #-1610612736
  93 00b4 A02083E5 		mov	r3, r3, asr #19
  33:main.c        **** te mit 1 Hz blinken
  94              	r2, [fp, #-16]
  95 00b8 0A32A0E3 		str	r2, [r3, #96]
  96 00bc C339A0E1 		.loc 1 35 0
  97 00c0 10201BE5 		mov	r2, #-1610612736
  98 00c4 602083E5 		mov	r2, r2, asr #19
  34:main.c        **** te mit 1 Hz blinken
  35:main.c        **** //**************************************************************
  99              	r3, #-1610612736
 100 00c8 0A22A0E3 		mov	r3, r3, asr #19
 101 00cc C229A0E1 		ldr	r1, [r3, #56]
 102 00d0 0A32A0E3 		ldr	r3, [fp, #-16]
 103 00d4 C339A0E1 		mvn	r3, r3
 104 00d8 381093E5 		and	r3, r1, r3
 105 00dc 10301BE5 		str	r3, [r2, #56]
 106 00e0 0330E0E1 		.loc 1 37 0
 107 00e4 033001E0 		mov	r2, #-1610612736
 108 00e8 383082E5 		mov	r2, r2, asr #19
  36:main.c        **** ******************
  37:main.c        **** int main(){
 109              	1342177280
 110 00ec 0A22A0E3 		add	r3, r3, #262144
 111 00f0 C229A0E1 		str	r3, [r2, #56]
 112 00f4 0532A0E3 		b	.L8
 113 00f8 013783E2 	.L9:
 114 00fc 383082E5 		.loc 1 39 0
 115 0100 090000EA 		mov	r2, #-1610612736
 116              		mov	r2, r2, asr #19
  38:main.c        **** *****
  39:main.c        **** int main(){
 117              	 #-1610612736
 118 0104 0A22A0E3 		mov	r3, r3, asr #19
 119 0108 C229A0E1 		ldr	r1, [r3, #56]
 120 010c 0A32A0E3 		ldr	r3, [fp, #-16]
 121 0110 C339A0E1 		eor	r3, r1, r3
 122 0114 381093E5 		str	r3, [r2, #56]
 123 0118 10301BE5 		.loc 1 40 0
 124 011c 033021E0 		mov	r0, #100
 125 0120 383082E5 		bl	delay5ms
  40:main.c        **** *****
 126              	c 1 38 0
 127 0124 6400A0E3 		ldrb	r3, [fp, #-17]	@ zero_extendqisi2
 128 0128 FEFFFFEB 		cmp	r3, #0
 129              		moveq	r3, #0
 130              		movne	r3, #1
 131 012c 11305BE5 		and	r2, r3, #255
 132 0130 000053E3 		ldrb	r3, [fp, #-17]
 133 0134 0030A003 		sub	r3, r3, #1
 134 0138 0130A013 		strb	r3, [fp, #-17]
 135 013c FF2003E2 		cmp	r2, #0
 136 0140 11305BE5 		bne	.L9
 137 0144 013043E2 	.L10:
 138 0148 11304BE5 		b	.L10
 139 014c 000052E3 	.LFE3:
 141              		.section	.debug_frame,"",%progbits
 142 0154 FEFFFFEA 	.Lframe0:
 143              		.4byte	.LECIE0-.LSCIE0
 144              	.LSCIE0:
 211              		.4byte	.LFB2-.Ltext0
DEFINED SYMBOLS
                            *ABS*:00000000 main.c
C:\Users\Robin\AppData\Local\Temp/ccBJM5kB.s:13     .text:00000000 delay5ms
C:\Users\Robin\AppData\Local\Temp/ccBJM5kB.s:19     .text:00000000 $a
C:\Users\Robin\AppData\Local\Temp/ccBJM5kB.s:64     .text:00000074 main
C:\Users\Robin\AppData\Local\Temp/ccBJM5kB.s:147    .debug_frame:00000000 $d
C:\Users\Robin\AppData\Local\Temp/ccBJM5kB.s:215    .debug_loc:00000000 $d

NO UNDEFINED SYMBOLS
